<?xml version="1.0" encoding="utf-8"?><testsuites name="pytest tests"><testsuite name="pytest" errors="0" failures="1" skipped="0" tests="18" time="0.315" timestamp="2026-03-07T11:00:21.207801+09:00" hostname="DESKTOP-TQUPBKF"><testcase classname="tests.services.test_availability_service.TestApplyPolicies" name="test_1hour_reservation_warning" time="0.002" /><testcase classname="tests.services.test_availability_service.TestApplyPolicies" name="test_1h_reservation_chat_required" time="0.001" /><testcase classname="tests.services.test_availability_service.TestApplyPolicies" name="test_1h_reservation_excluded_no_contact" time="0.002" /><testcase classname="tests.services.test_availability_service.TestApplyPolicies" name="test_sameday_reservation_warning" time="0.001" /><testcase classname="tests.services.test_availability_service.TestApplyPolicies" name="test_price_calculation_integration" time="0.002" /><testcase classname="tests.services.test_availability_service.TestApplyPolicies" name="test_price_calculation_error_handling" time="0.001" /><testcase classname="tests.services.test_availability_service.TestApplyPolicies" name="test_price_calculation_partial_availability" time="0.001" /><testcase classname="tests.services.test_availability_service.TestApplyPolicies" name="test_price_calculation_list_config_supports_24h_end" time="0.002" /><testcase classname="tests.services.test_availability_service.TestApplyPolicies" name="test_calculate_total_price_partial_longest_block" time="0.001" /><testcase classname="tests.services.test_availability_service.TestApplyPolicies" name="test_calculate_total_price_overnight" time="0.002" /><testcase classname="tests.services.test_availability_service.TestAvailabilityServiceFlow" name="test_full_flow_with_mock_data" time="0.009" /><testcase classname="tests.services.test_availability_service.TestAvailabilityServiceFlow" name="test_full_flow_partial_availability" time="0.019" /><testcase classname="tests.services.test_availability_service.TestAvailabilityServiceFlow" name="test_full_flow_partial_availability_with_error" time="0.008"><failure message="AssertionError: Expected 'calculate_total_price' to have been called once. Called 2 times.&#10;Calls: [call(RoomDetail(name='MockRoom', branch='MockBranch', business_id='b1', biz_item_id='r1', imageUrls=[], maxCapacity=10, recommendCapacityRange=[4, 8], baseCapacity=None, extraCharge=None, priceConfig={'default': 10000}, minCapacity=1, minHours=1, maxHours=None, lat=None, lng=None, phoneNumber=None, displayName=None, openWaitRule={}, standbyDays=None, pricePerHour=10000, canReserveOneHour=True, requiresContactOnSameDay=False), '2026-04-06', ['14:00', '15:00', '16:00'], available_slots={'14:00': True, '15:00': False}),&#10; call(room_detail=RoomDetail(name='MockRoom', branch='MockBranch', business_id='b1', biz_item_id='r1', imageUrls=[], maxCapacity=10, recommendCapacityRange=[4, 8], baseCapacity=None, extraCharge=None, priceConfig={'default': 10000}, minCapacity=1, minHours=1, maxHours=None, lat=None, lng=None, phoneNumber=None, displayName=None, openWaitRule={}, standbyDays=None, pricePerHour=10000, canReserveOneHour=True, requiresContactOnSameDay=False), date_str='2026-04-06', hour_slots=['14:00', '15:00', '16:00'], available_slots={'14:00': True, '15:00': False})].">self = &lt;tests.services.test_availability_service.TestAvailabilityServiceFlow object at 0x00000245ABC14650&gt;
service = &lt;app.services.availability_service.AvailabilityService object at 0x00000245ABC2B410&gt;
mock_crawler = &lt;MagicMock id='2498257737328'&gt;
mock_pricing_service = &lt;MagicMock id='2498257582224'&gt;

    @pytest.mark.asyncio
    async def test_full_flow_partial_availability_with_error(self, service, mock_crawler, mock_pricing_service):
        """is_partial 상태일 때 요금 계산(calculate_total_price)에서 예외 발생 시,
        estimated_price가 None이 되고 min_price_partial 갱신에서 예외가 발생하지 않는지 검증"""
        # Given
        req = AvailabilityRequest(
            date=FUTURE_DATE, capacity=3, start_hour="14:00", end_hour="16:00",
            swLat=37.0, swLng=126.0, neLat=38.0, neLng=127.0
        )
    
        # Room setup
        mock_room = RoomDetail(
            name="MockRoom", branch="MockBranch", business_id="b1", biz_item_id="r1",
            pricePerHour=10000, max_capacity=10,
            can_reserve_one_hour=True, requiresContactOnSameDay=False,
            recommend_capacity_range=[4, 8], price_config={"default": 10000}
        )
    
        mock_crawler_result = RoomAvailability(
            room_detail=mock_room,
            available=False,
            available_slots={"14:00": True, "15:00": False}
        )
        mock_crawler.check_availability.return_value = [mock_crawler_result]
    
        with mock.patch.object(service, "calculate_total_price", side_effect=ValueError("Calc Error")) as mock_calc:
            # When
            with patch("app.services.availability_service.get_rooms_by_criteria") as mock_db, \
                 patch("app.services.availability_service.filter_rooms_by_type", return_value=[mock_room]), \
                 patch("app.services.availability_service.validate_availability_request"):
                mock_db.return_value = [mock_room]
    
                # Exception should be caught and not thrown
                response = await service.check_availability(req)
    
            # Then
&gt;           mock_calc.assert_called_once()

tests\services\test_availability_service.py:405: 
_ _ _ _ _ _ _ _ _ _ _ _ _ _ _ _ _ _ _ _ _ _ _ _ _ _ _ _ _ _ _ _ _ _ _ _ _ _ _ _

self = &lt;MagicMock name='calculate_total_price' id='2498257663520'&gt;

    def assert_called_once(self):
        """assert that the mock was called only once.
        """
        if not self.call_count == 1:
            msg = ("Expected '%s' to have been called once. Called %s times.%s"
                   % (self._mock_name or 'mock',
                      self.call_count,
                      self._calls_repr()))
&gt;           raise AssertionError(msg)
E           AssertionError: Expected 'calculate_total_price' to have been called once. Called 2 times.
E           Calls: [call(RoomDetail(name='MockRoom', branch='MockBranch', business_id='b1', biz_item_id='r1', imageUrls=[], maxCapacity=10, recommendCapacityRange=[4, 8], baseCapacity=None, extraCharge=None, priceConfig={'default': 10000}, minCapacity=1, minHours=1, maxHours=None, lat=None, lng=None, phoneNumber=None, displayName=None, openWaitRule={}, standbyDays=None, pricePerHour=10000, canReserveOneHour=True, requiresContactOnSameDay=False), '2026-04-06', ['14:00', '15:00', '16:00'], available_slots={'14:00': True, '15:00': False}),
E            call(room_detail=RoomDetail(name='MockRoom', branch='MockBranch', business_id='b1', biz_item_id='r1', imageUrls=[], maxCapacity=10, recommendCapacityRange=[4, 8], baseCapacity=None, extraCharge=None, priceConfig={'default': 10000}, minCapacity=1, minHours=1, maxHours=None, lat=None, lng=None, phoneNumber=None, displayName=None, openWaitRule={}, standbyDays=None, pricePerHour=10000, canReserveOneHour=True, requiresContactOnSameDay=False), date_str='2026-04-06', hour_slots=['14:00', '15:00', '16:00'], available_slots={'14:00': True, '15:00': False})].

D:\Anaconda3\Lib\unittest\mock.py:923: AssertionError</failure></testcase><testcase classname="tests.services.test_availability_service.TestAvailabilityServiceFlow" name="test_aggregate_min_price_by_available_status" time="0.004" /><testcase classname="tests.services.test_availability_service.TestAvailabilityServiceFlow" name="test_aggregate_min_price_only_available_rooms" time="0.004" /><testcase classname="tests.services.test_availability_service.TestAvailabilityServiceFlow" name="test_aggregate_min_price_only_partial_rooms" time="0.004" /><testcase classname="tests.services.test_availability_service.TestAvailabilityServiceFlow" name="test_aggregate_min_price_no_available_rooms" time="0.003" /><testcase classname="tests.services.test_availability_service.TestAvailabilityServiceFlow" name="test_standby_days_filter" time="0.004" /></testsuite></testsuites>